2022-10-06 14:20:07.427 [restartedMain] INFO  com.sk.signet.onm.OnmApplication - Starting OnmApplication using Java 17 on DESKTOP-2K0JJFQ with PID 64436 (C:\SKsignet\workspace\onm\target\classes started by í—ˆì„¸í™˜ in C:\SKsignet\workspace\onm) 
2022-10-06 14:20:07.433 [restartedMain] INFO  com.sk.signet.onm.OnmApplication - The following profiles are active: local 
2022-10-06 14:20:07.512 [restartedMain] INFO  o.s.b.d.e.DevToolsPropertyDefaultsPostProcessor - Devtools property defaults active! Set 'spring.devtools.add-properties' to 'false' to disable 
2022-10-06 14:20:07.512 [restartedMain] INFO  o.s.b.d.e.DevToolsPropertyDefaultsPostProcessor - For additional web related logging consider setting the 'logging.level.web' property to 'DEBUG' 
2022-10-06 14:20:08.897 [restartedMain] INFO  o.s.b.w.e.tomcat.TomcatWebServer - Tomcat initialized with port(s): 8800 (http) 
2022-10-06 14:20:08.908 [restartedMain] INFO  o.a.coyote.http11.Http11NioProtocol - Initializing ProtocolHandler ["http-nio-8800"] 
2022-10-06 14:20:08.908 [restartedMain] INFO  o.a.catalina.core.StandardService - Starting service [Tomcat] 
2022-10-06 14:20:08.909 [restartedMain] INFO  o.a.catalina.core.StandardEngine - Starting Servlet engine: [Apache Tomcat/9.0.56] 
2022-10-06 14:20:09.004 [restartedMain] INFO  o.a.c.c.C.[Tomcat].[localhost].[/] - Initializing Spring embedded WebApplicationContext 
2022-10-06 14:20:09.004 [restartedMain] INFO  o.s.b.w.s.c.ServletWebServerApplicationContext - Root WebApplicationContext: initialization completed in 1490 ms 
2022-10-06 14:20:10.207 [restartedMain] INFO  o.s.b.d.a.OptionalLiveReloadServer - LiveReload server is running on port 35729 
2022-10-06 14:20:10.212 [restartedMain] INFO  o.s.b.a.e.web.EndpointLinksResolver - Exposing 14 endpoint(s) beneath base path '/actuator' 
2022-10-06 14:20:10.241 [restartedMain] INFO  o.a.coyote.http11.Http11NioProtocol - Starting ProtocolHandler ["http-nio-8800"] 
2022-10-06 14:20:10.304 [restartedMain] INFO  o.s.b.w.e.tomcat.TomcatWebServer - Tomcat started on port(s): 8800 (http) with context path '' 
2022-10-06 14:20:10.323 [restartedMain] INFO  com.sk.signet.onm.OnmApplication - Started OnmApplication in 3.468 seconds (JVM running for 4.155) 
2022-10-06 14:20:11.394 [RMI TCP Connection(9)-127.0.0.1] INFO  o.a.c.c.C.[Tomcat].[localhost].[/] - Initializing Spring DispatcherServlet 'dispatcherServlet' 
2022-10-06 14:20:11.395 [RMI TCP Connection(9)-127.0.0.1] INFO  o.s.web.servlet.DispatcherServlet - Initializing Servlet 'dispatcherServlet' 
2022-10-06 14:20:11.396 [RMI TCP Connection(9)-127.0.0.1] INFO  o.s.web.servlet.DispatcherServlet - Completed initialization in 1 ms 
2022-10-06 14:22:26.206 [http-nio-8800-exec-6] INFO  o.s.api.AbstractOpenApiResource - Init duration for springdoc-openapi is: 113 ms 
2022-10-06 14:29:36.401 [RMI TCP Connection(20)-127.0.0.1] INFO  o.s.b.a.SpringApplicationAdminMXBeanRegistrar$SpringApplicationAdmin - Application shutdown requested. 
2022-10-06 15:04:27.806 [restartedMain] INFO  com.sk.signet.onm.OnmApplication - Starting OnmApplication using Java 17 on DESKTOP-2K0JJFQ with PID 67240 (C:\SKsignet\workspace\onm\target\classes started by í—ˆì„¸í™˜ in C:\SKsignet\workspace\onm) 
2022-10-06 15:04:27.807 [restartedMain] INFO  com.sk.signet.onm.OnmApplication - The following profiles are active: local 
2022-10-06 15:04:27.860 [restartedMain] INFO  o.s.b.d.e.DevToolsPropertyDefaultsPostProcessor - Devtools property defaults active! Set 'spring.devtools.add-properties' to 'false' to disable 
2022-10-06 15:04:27.860 [restartedMain] INFO  o.s.b.d.e.DevToolsPropertyDefaultsPostProcessor - For additional web related logging consider setting the 'logging.level.web' property to 'DEBUG' 
2022-10-06 15:04:29.201 [restartedMain] INFO  o.s.b.w.e.tomcat.TomcatWebServer - Tomcat initialized with port(s): 8800 (http) 
2022-10-06 15:04:29.212 [restartedMain] INFO  o.a.coyote.http11.Http11NioProtocol - Initializing ProtocolHandler ["http-nio-8800"] 
2022-10-06 15:04:29.213 [restartedMain] INFO  o.a.catalina.core.StandardService - Starting service [Tomcat] 
2022-10-06 15:04:29.213 [restartedMain] INFO  o.a.catalina.core.StandardEngine - Starting Servlet engine: [Apache Tomcat/9.0.56] 
2022-10-06 15:04:29.303 [restartedMain] INFO  o.a.c.c.C.[Tomcat].[localhost].[/] - Initializing Spring embedded WebApplicationContext 
2022-10-06 15:04:29.303 [restartedMain] INFO  o.s.b.w.s.c.ServletWebServerApplicationContext - Root WebApplicationContext: initialization completed in 1443 ms 
2022-10-06 15:04:30.549 [restartedMain] INFO  o.s.b.d.a.OptionalLiveReloadServer - LiveReload server is running on port 35729 
2022-10-06 15:04:30.554 [restartedMain] INFO  o.s.b.a.e.web.EndpointLinksResolver - Exposing 14 endpoint(s) beneath base path '/actuator' 
2022-10-06 15:04:30.583 [restartedMain] INFO  o.a.coyote.http11.Http11NioProtocol - Starting ProtocolHandler ["http-nio-8800"] 
2022-10-06 15:04:30.666 [restartedMain] INFO  o.s.b.w.e.tomcat.TomcatWebServer - Tomcat started on port(s): 8800 (http) with context path '' 
2022-10-06 15:04:30.691 [restartedMain] INFO  com.sk.signet.onm.OnmApplication - Started OnmApplication in 3.465 seconds (JVM running for 4.271) 
2022-10-06 15:04:32.000 [RMI TCP Connection(1)-127.0.0.1] INFO  o.a.c.c.C.[Tomcat].[localhost].[/] - Initializing Spring DispatcherServlet 'dispatcherServlet' 
2022-10-06 15:04:32.001 [RMI TCP Connection(1)-127.0.0.1] INFO  o.s.web.servlet.DispatcherServlet - Initializing Servlet 'dispatcherServlet' 
2022-10-06 15:04:32.003 [RMI TCP Connection(1)-127.0.0.1] INFO  o.s.web.servlet.DispatcherServlet - Completed initialization in 2 ms 
2022-10-06 15:10:23.648 [restartedMain] INFO  com.sk.signet.onm.OnmApplication - Starting OnmApplication using Java 17 on DESKTOP-2K0JJFQ with PID 67240 (C:\SKsignet\workspace\onm\target\classes started by í—ˆì„¸í™˜ in C:\SKsignet\workspace\onm) 
2022-10-06 15:10:23.648 [restartedMain] INFO  com.sk.signet.onm.OnmApplication - The following profiles are active: local 
2022-10-06 15:10:24.053 [restartedMain] INFO  o.s.b.w.e.tomcat.TomcatWebServer - Tomcat initialized with port(s): 8800 (http) 
2022-10-06 15:10:24.053 [restartedMain] INFO  o.a.coyote.http11.Http11NioProtocol - Initializing ProtocolHandler ["http-nio-8800"] 
2022-10-06 15:10:24.053 [restartedMain] INFO  o.a.catalina.core.StandardService - Starting service [Tomcat] 
2022-10-06 15:10:24.053 [restartedMain] INFO  o.a.catalina.core.StandardEngine - Starting Servlet engine: [Apache Tomcat/9.0.56] 
2022-10-06 15:10:24.103 [restartedMain] INFO  o.a.c.c.C.[Tomcat].[localhost].[/] - Initializing Spring embedded WebApplicationContext 
2022-10-06 15:10:24.103 [restartedMain] INFO  o.s.b.w.s.c.ServletWebServerApplicationContext - Root WebApplicationContext: initialization completed in 455 ms 
2022-10-06 15:10:24.618 [restartedMain] INFO  o.s.b.d.a.OptionalLiveReloadServer - LiveReload server is running on port 35729 
2022-10-06 15:10:24.618 [restartedMain] INFO  o.s.b.a.e.web.EndpointLinksResolver - Exposing 14 endpoint(s) beneath base path '/actuator' 
2022-10-06 15:10:24.634 [restartedMain] INFO  o.a.coyote.http11.Http11NioProtocol - Starting ProtocolHandler ["http-nio-8800"] 
2022-10-06 15:10:24.636 [restartedMain] INFO  o.s.b.w.e.tomcat.TomcatWebServer - Tomcat started on port(s): 8800 (http) with context path '' 
2022-10-06 15:10:24.652 [restartedMain] INFO  com.sk.signet.onm.OnmApplication - Started OnmApplication in 1.077 seconds (JVM running for 358.24) 
2022-10-06 15:10:24.652 [restartedMain] INFO  o.s.b.d.a.ConditionEvaluationDeltaLoggingListener - Condition evaluation unchanged 
2022-10-06 15:13:30.548 [restartedMain] INFO  com.sk.signet.onm.OnmApplication - Starting OnmApplication using Java 17 on DESKTOP-2K0JJFQ with PID 67240 (C:\SKsignet\workspace\onm\target\classes started by í—ˆì„¸í™˜ in C:\SKsignet\workspace\onm) 
2022-10-06 15:13:30.548 [restartedMain] INFO  com.sk.signet.onm.OnmApplication - The following profiles are active: local 
2022-10-06 15:13:30.914 [restartedMain] INFO  o.s.b.w.e.tomcat.TomcatWebServer - Tomcat initialized with port(s): 8800 (http) 
2022-10-06 15:13:30.914 [restartedMain] INFO  o.a.coyote.http11.Http11NioProtocol - Initializing ProtocolHandler ["http-nio-8800"] 
2022-10-06 15:13:30.914 [restartedMain] INFO  o.a.catalina.core.StandardService - Starting service [Tomcat] 
2022-10-06 15:13:30.914 [restartedMain] INFO  o.a.catalina.core.StandardEngine - Starting Servlet engine: [Apache Tomcat/9.0.56] 
2022-10-06 15:13:30.930 [restartedMain] INFO  o.a.c.c.C.[Tomcat].[localhost].[/] - Initializing Spring embedded WebApplicationContext 
2022-10-06 15:13:30.930 [restartedMain] INFO  o.s.b.w.s.c.ServletWebServerApplicationContext - Root WebApplicationContext: initialization completed in 382 ms 
2022-10-06 15:13:31.337 [restartedMain] INFO  o.s.b.d.a.OptionalLiveReloadServer - LiveReload server is running on port 35729 
2022-10-06 15:13:31.342 [restartedMain] INFO  o.s.b.a.e.web.EndpointLinksResolver - Exposing 14 endpoint(s) beneath base path '/actuator' 
2022-10-06 15:13:31.353 [restartedMain] INFO  o.a.coyote.http11.Http11NioProtocol - Starting ProtocolHandler ["http-nio-8800"] 
2022-10-06 15:13:31.353 [restartedMain] INFO  o.s.b.w.e.tomcat.TomcatWebServer - Tomcat started on port(s): 8800 (http) with context path '' 
2022-10-06 15:13:31.383 [restartedMain] INFO  com.sk.signet.onm.OnmApplication - Started OnmApplication in 0.896 seconds (JVM running for 544.962) 
2022-10-06 15:13:31.383 [restartedMain] INFO  o.s.b.d.a.ConditionEvaluationDeltaLoggingListener - Condition evaluation unchanged 
2022-10-06 15:14:13.675 [restartedMain] INFO  com.sk.signet.onm.OnmApplication - Starting OnmApplication using Java 17 on DESKTOP-2K0JJFQ with PID 67240 (C:\SKsignet\workspace\onm\target\classes started by í—ˆì„¸í™˜ in C:\SKsignet\workspace\onm) 
2022-10-06 15:14:13.675 [restartedMain] INFO  com.sk.signet.onm.OnmApplication - The following profiles are active: local 
2022-10-06 15:14:13.971 [restartedMain] INFO  o.s.b.w.e.tomcat.TomcatWebServer - Tomcat initialized with port(s): 8800 (http) 
2022-10-06 15:14:13.971 [restartedMain] INFO  o.a.coyote.http11.Http11NioProtocol - Initializing ProtocolHandler ["http-nio-8800"] 
2022-10-06 15:14:13.971 [restartedMain] INFO  o.a.catalina.core.StandardService - Starting service [Tomcat] 
2022-10-06 15:14:13.971 [restartedMain] INFO  o.a.catalina.core.StandardEngine - Starting Servlet engine: [Apache Tomcat/9.0.56] 
2022-10-06 15:14:13.989 [restartedMain] INFO  o.a.c.c.C.[Tomcat].[localhost].[/] - Initializing Spring embedded WebApplicationContext 
2022-10-06 15:14:13.989 [restartedMain] INFO  o.s.b.w.s.c.ServletWebServerApplicationContext - Root WebApplicationContext: initialization completed in 314 ms 
2022-10-06 15:14:14.378 [restartedMain] INFO  o.s.b.d.a.OptionalLiveReloadServer - LiveReload server is running on port 35729 
2022-10-06 15:14:14.378 [restartedMain] INFO  o.s.b.a.e.web.EndpointLinksResolver - Exposing 14 endpoint(s) beneath base path '/actuator' 
2022-10-06 15:14:14.393 [restartedMain] INFO  o.a.coyote.http11.Http11NioProtocol - Starting ProtocolHandler ["http-nio-8800"] 
2022-10-06 15:14:14.393 [restartedMain] INFO  o.s.b.w.e.tomcat.TomcatWebServer - Tomcat started on port(s): 8800 (http) with context path '' 
2022-10-06 15:14:14.413 [restartedMain] INFO  com.sk.signet.onm.OnmApplication - Started OnmApplication in 0.766 seconds (JVM running for 587.993) 
2022-10-06 15:14:14.415 [restartedMain] INFO  o.s.b.d.a.ConditionEvaluationDeltaLoggingListener - Condition evaluation unchanged 
2022-10-06 15:16:38.679 [RMI TCP Connection(29)-127.0.0.1] INFO  o.s.b.a.SpringApplicationAdminMXBeanRegistrar$SpringApplicationAdmin - Application shutdown requested. 
2022-10-06 15:17:07.308 [main] INFO  c.sk.signet.onm.OnmApplicationTests - Starting OnmApplicationTests using Java 11.0.16.1 on DESKTOP-2K0JJFQ with PID 70504 (started by Çã¼¼È¯ in C:\SKsignet\workspace\onm) 
2022-10-06 15:17:07.309 [main] INFO  c.sk.signet.onm.OnmApplicationTests - The following profiles are active: local 
2022-10-06 15:17:10.821 [main] INFO  o.s.b.a.e.web.EndpointLinksResolver - Exposing 14 endpoint(s) beneath base path '/actuator' 
2022-10-06 15:17:10.878 [main] INFO  c.sk.signet.onm.OnmApplicationTests - Started OnmApplicationTests in 4.048 seconds (JVM running for 5.043) 
2022-10-06 15:21:12.069 [main] INFO  c.sk.signet.onm.OnmApplicationTests - Starting OnmApplicationTests using Java 11.0.16.1 on DESKTOP-2K0JJFQ with PID 52776 (started by Çã¼¼È¯ in C:\SKsignet\workspace\onm) 
2022-10-06 15:21:12.069 [main] INFO  c.sk.signet.onm.OnmApplicationTests - The following profiles are active: local 
2022-10-06 15:21:16.239 [main] INFO  o.s.b.a.e.web.EndpointLinksResolver - Exposing 14 endpoint(s) beneath base path '/actuator' 
2022-10-06 15:21:16.288 [main] INFO  c.sk.signet.onm.OnmApplicationTests - Started OnmApplicationTests in 5.015 seconds (JVM running for 6.389) 
2022-10-06 15:23:24.646 [main] INFO  c.sk.signet.onm.OnmApplicationTests - Starting OnmApplicationTests using Java 11.0.16.1 on DESKTOP-2K0JJFQ with PID 62116 (started by Çã¼¼È¯ in C:\SKsignet\workspace\onm) 
2022-10-06 15:23:24.648 [main] INFO  c.sk.signet.onm.OnmApplicationTests - The following profiles are active: local 
2022-10-06 15:23:28.161 [main] INFO  o.s.b.a.e.web.EndpointLinksResolver - Exposing 14 endpoint(s) beneath base path '/actuator' 
2022-10-06 15:23:28.235 [main] INFO  c.sk.signet.onm.OnmApplicationTests - Started OnmApplicationTests in 4.32 seconds (JVM running for 5.601) 
2022-10-06 16:11:57.312 [restartedMain] INFO  com.sk.signet.onm.OnmApplication - Starting OnmApplication using Java 17 on DESKTOP-2K0JJFQ with PID 66644 (C:\SKsignet\workspace\onm\target\classes started by í—ˆì„¸í™˜ in C:\SKsignet\workspace\onm) 
2022-10-06 16:11:57.313 [restartedMain] INFO  com.sk.signet.onm.OnmApplication - The following profiles are active: local 
2022-10-06 16:11:57.349 [restartedMain] INFO  o.s.b.d.e.DevToolsPropertyDefaultsPostProcessor - Devtools property defaults active! Set 'spring.devtools.add-properties' to 'false' to disable 
2022-10-06 16:11:57.349 [restartedMain] INFO  o.s.b.d.e.DevToolsPropertyDefaultsPostProcessor - For additional web related logging consider setting the 'logging.level.web' property to 'DEBUG' 
2022-10-06 16:11:58.323 [restartedMain] INFO  o.s.b.w.e.tomcat.TomcatWebServer - Tomcat initialized with port(s): 8800 (http) 
2022-10-06 16:11:58.329 [restartedMain] INFO  o.a.coyote.http11.Http11NioProtocol - Initializing ProtocolHandler ["http-nio-8800"] 
2022-10-06 16:11:58.330 [restartedMain] INFO  o.a.catalina.core.StandardService - Starting service [Tomcat] 
2022-10-06 16:11:58.330 [restartedMain] INFO  o.a.catalina.core.StandardEngine - Starting Servlet engine: [Apache Tomcat/9.0.56] 
2022-10-06 16:11:58.398 [restartedMain] INFO  o.a.c.c.C.[Tomcat].[localhost].[/] - Initializing Spring embedded WebApplicationContext 
2022-10-06 16:11:58.398 [restartedMain] INFO  o.s.b.w.s.c.ServletWebServerApplicationContext - Root WebApplicationContext: initialization completed in 1049 ms 
2022-10-06 16:11:59.185 [restartedMain] INFO  o.s.b.d.a.OptionalLiveReloadServer - LiveReload server is running on port 35729 
2022-10-06 16:11:59.189 [restartedMain] INFO  o.s.b.a.e.web.EndpointLinksResolver - Exposing 14 endpoint(s) beneath base path '/actuator' 
2022-10-06 16:11:59.208 [restartedMain] INFO  o.a.coyote.http11.Http11NioProtocol - Starting ProtocolHandler ["http-nio-8800"] 
2022-10-06 16:11:59.250 [restartedMain] INFO  o.s.b.w.e.tomcat.TomcatWebServer - Tomcat started on port(s): 8800 (http) with context path '' 
2022-10-06 16:11:59.262 [restartedMain] INFO  com.sk.signet.onm.OnmApplication - Started OnmApplication in 2.352 seconds (JVM running for 3.06) 
2022-10-06 16:11:59.395 [http-nio-8800-exec-1] INFO  o.a.c.c.C.[Tomcat].[localhost].[/] - Initializing Spring DispatcherServlet 'dispatcherServlet' 
2022-10-06 16:11:59.395 [http-nio-8800-exec-1] INFO  o.s.web.servlet.DispatcherServlet - Initializing Servlet 'dispatcherServlet' 
2022-10-06 16:11:59.396 [http-nio-8800-exec-1] INFO  o.s.web.servlet.DispatcherServlet - Completed initialization in 1 ms 
2022-10-06 16:11:59.880 [http-nio-8800-exec-3] INFO  o.s.api.AbstractOpenApiResource - Init duration for springdoc-openapi is: 125 ms 
